\BOOKMARK [0][-]{chapter.1}{\376\377\0001\000\040\000T\000o\000d\000o\000\040\000L\000i\000s\000t}{}% 1
\BOOKMARK [0][-]{chapter.2}{\376\377\0002\000\040\000B\000u\000g\000\040\000L\000i\000s\000t}{}% 2
\BOOKMARK [0][-]{chapter.3}{\376\377\0003\000\040\000N\000a\000m\000e\000s\000p\000a\000c\000e\000\040\000I\000n\000d\000e\000x}{}% 3
\BOOKMARK [1][-]{section.3.1}{\376\377\0003\000.\0001\000\040\000N\000a\000m\000e\000s\000p\000a\000c\000e\000\040\000L\000i\000s\000t}{chapter.3}% 4
\BOOKMARK [0][-]{chapter.4}{\376\377\0004\000\040\000H\000i\000e\000r\000a\000r\000c\000h\000i\000c\000a\000l\000\040\000I\000n\000d\000e\000x}{}% 5
\BOOKMARK [1][-]{section.4.1}{\376\377\0004\000.\0001\000\040\000C\000l\000a\000s\000s\000\040\000H\000i\000e\000r\000a\000r\000c\000h\000y}{chapter.4}% 6
\BOOKMARK [0][-]{chapter.5}{\376\377\0005\000\040\000C\000l\000a\000s\000s\000\040\000I\000n\000d\000e\000x}{}% 7
\BOOKMARK [1][-]{section.5.1}{\376\377\0005\000.\0001\000\040\000C\000l\000a\000s\000s\000\040\000L\000i\000s\000t}{chapter.5}% 8
\BOOKMARK [0][-]{chapter.6}{\376\377\0006\000\040\000F\000i\000l\000e\000\040\000I\000n\000d\000e\000x}{}% 9
\BOOKMARK [1][-]{section.6.1}{\376\377\0006\000.\0001\000\040\000F\000i\000l\000e\000\040\000L\000i\000s\000t}{chapter.6}% 10
\BOOKMARK [0][-]{chapter.7}{\376\377\0007\000\040\000N\000a\000m\000e\000s\000p\000a\000c\000e\000\040\000D\000o\000c\000u\000m\000e\000n\000t\000a\000t\000i\000o\000n}{}% 11
\BOOKMARK [1][-]{section.7.1}{\376\377\0007\000.\0001\000\040\000j\000s\000w\000f\000\040\000N\000a\000m\000e\000s\000p\000a\000c\000e\000\040\000R\000e\000f\000e\000r\000e\000n\000c\000e}{chapter.7}% 12
\BOOKMARK [2][-]{subsection.7.1.1}{\376\377\0007\000.\0001\000.\0001\000\040\000D\000e\000t\000a\000i\000l\000e\000d\000\040\000D\000e\000s\000c\000r\000i\000p\000t\000i\000o\000n}{section.7.1}% 13
\BOOKMARK [2][-]{subsection.7.1.2}{\376\377\0007\000.\0001\000.\0002\000\040\000T\000y\000p\000e\000d\000e\000f\000\040\000D\000o\000c\000u\000m\000e\000n\000t\000a\000t\000i\000o\000n}{section.7.1}% 14
\BOOKMARK [3][-]{subsubsection.7.1.2.1}{\376\377\0007\000.\0001\000.\0002\000.\0001\000\040\000f\000b\000\137\000t}{subsection.7.1.2}% 15
\BOOKMARK [1][-]{section.7.2}{\376\377\0007\000.\0002\000\040\000j\000s\000w\000f\000:\000:\000a\000v\000m\0002\000\040\000N\000a\000m\000e\000s\000p\000a\000c\000e\000\040\000R\000e\000f\000e\000r\000e\000n\000c\000e}{chapter.7}% 16
\BOOKMARK [2][-]{subsection.7.2.1}{\376\377\0007\000.\0002\000.\0001\000\040\000D\000e\000t\000a\000i\000l\000e\000d\000\040\000D\000e\000s\000c\000r\000i\000p\000t\000i\000o\000n}{section.7.2}% 17
\BOOKMARK [1][-]{section.7.3}{\376\377\0007\000.\0003\000\040\000j\000s\000w\000f\000:\000:\000a\000v\000m\0002\000:\000:\000a\000s\000t\000\040\000N\000a\000m\000e\000s\000p\000a\000c\000e\000\040\000R\000e\000f\000e\000r\000e\000n\000c\000e}{chapter.7}% 18
\BOOKMARK [2][-]{subsection.7.3.1}{\376\377\0007\000.\0003\000.\0001\000\040\000D\000e\000t\000a\000i\000l\000e\000d\000\040\000D\000e\000s\000c\000r\000i\000p\000t\000i\000o\000n}{section.7.3}% 19
\BOOKMARK [1][-]{section.7.4}{\376\377\0007\000.\0004\000\040\000j\000s\000w\000f\000:\000:\000a\000v\000m\0002\000:\000:\000l\000i\000b\000\040\000N\000a\000m\000e\000s\000p\000a\000c\000e\000\040\000R\000e\000f\000e\000r\000e\000n\000c\000e}{chapter.7}% 20
\BOOKMARK [2][-]{subsection.7.4.1}{\376\377\0007\000.\0004\000.\0001\000\040\000D\000e\000t\000a\000i\000l\000e\000d\000\040\000D\000e\000s\000c\000r\000i\000p\000t\000i\000o\000n}{section.7.4}% 21
\BOOKMARK [1][-]{section.7.5}{\376\377\0007\000.\0005\000\040\000j\000s\000w\000f\000:\000:\000f\000l\000a\000s\000h\000\040\000N\000a\000m\000e\000s\000p\000a\000c\000e\000\040\000R\000e\000f\000e\000r\000e\000n\000c\000e}{chapter.7}% 22
\BOOKMARK [2][-]{subsection.7.5.1}{\376\377\0007\000.\0005\000.\0001\000\040\000D\000e\000t\000a\000i\000l\000e\000d\000\040\000D\000e\000s\000c\000r\000i\000p\000t\000i\000o\000n}{section.7.5}% 23
\BOOKMARK [1][-]{section.7.6}{\376\377\0007\000.\0006\000\040\000j\000s\000w\000f\000:\000:\000f\000l\000a\000s\000h\000:\000:\000s\000t\000y\000l\000e\000s\000\040\000N\000a\000m\000e\000s\000p\000a\000c\000e\000\040\000R\000e\000f\000e\000r\000e\000n\000c\000e}{chapter.7}% 24
\BOOKMARK [2][-]{subsection.7.6.1}{\376\377\0007\000.\0006\000.\0001\000\040\000D\000e\000t\000a\000i\000l\000e\000d\000\040\000D\000e\000s\000c\000r\000i\000p\000t\000i\000o\000n}{section.7.6}% 25
\BOOKMARK [1][-]{section.7.7}{\376\377\0007\000.\0007\000\040\000j\000s\000w\000f\000:\000:\000f\000l\000a\000s\000h\000:\000:\000t\000a\000g\000s\000\040\000N\000a\000m\000e\000s\000p\000a\000c\000e\000\040\000R\000e\000f\000e\000r\000e\000n\000c\000e}{chapter.7}% 26
\BOOKMARK [2][-]{subsection.7.7.1}{\376\377\0007\000.\0007\000.\0001\000\040\000D\000e\000t\000a\000i\000l\000e\000d\000\040\000D\000e\000s\000c\000r\000i\000p\000t\000i\000o\000n}{section.7.7}% 27
\BOOKMARK [1][-]{section.7.8}{\376\377\0007\000.\0008\000\040\000j\000s\000w\000f\000:\000:\000i\000o\000\040\000N\000a\000m\000e\000s\000p\000a\000c\000e\000\040\000R\000e\000f\000e\000r\000e\000n\000c\000e}{chapter.7}% 28
\BOOKMARK [2][-]{subsection.7.8.1}{\376\377\0007\000.\0008\000.\0001\000\040\000D\000e\000t\000a\000i\000l\000e\000d\000\040\000D\000e\000s\000c\000r\000i\000p\000t\000i\000o\000n}{section.7.8}% 29
\BOOKMARK [1][-]{section.7.9}{\376\377\0007\000.\0009\000\040\000j\000s\000w\000f\000:\000:\000r\000e\000n\000d\000e\000r\000\040\000N\000a\000m\000e\000s\000p\000a\000c\000e\000\040\000R\000e\000f\000e\000r\000e\000n\000c\000e}{chapter.7}% 30
\BOOKMARK [2][-]{subsection.7.9.1}{\376\377\0007\000.\0009\000.\0001\000\040\000D\000e\000t\000a\000i\000l\000e\000d\000\040\000D\000e\000s\000c\000r\000i\000p\000t\000i\000o\000n}{section.7.9}% 31
\BOOKMARK [0][-]{chapter.8}{\376\377\0008\000\040\000C\000l\000a\000s\000s\000\040\000D\000o\000c\000u\000m\000e\000n\000t\000a\000t\000i\000o\000n}{}% 32
\BOOKMARK [1][-]{section.8.1}{\376\377\0008\000.\0001\000\040\000j\000s\000w\000f\000:\000:\000a\000v\000m\0002\000:\000:\000A\000B\000C\000F\000i\000l\000e\000\040\000C\000l\000a\000s\000s\000\040\000R\000e\000f\000e\000r\000e\000n\000c\000e}{chapter.8}% 33
\BOOKMARK [1][-]{section.8.2}{\376\377\0008\000.\0002\000\040\000j\000s\000w\000f\000:\000:\000a\000v\000m\0002\000:\000:\000a\000s\000t\000:\000:\000A\000c\000t\000i\000v\000a\000t\000i\000o\000n\000N\000o\000d\000e\000\040\000C\000l\000a\000s\000s\000\040\000R\000e\000f\000e\000r\000e\000n\000c\000e}{chapter.8}% 34
\BOOKMARK [2][-]{subsection.8.2.1}{\376\377\0008\000.\0002\000.\0001\000\040\000D\000e\000t\000a\000i\000l\000e\000d\000\040\000D\000e\000s\000c\000r\000i\000p\000t\000i\000o\000n}{section.8.2}% 35
\BOOKMARK [1][-]{section.8.3}{\376\377\0008\000.\0003\000\040\000j\000s\000w\000f\000:\000:\000a\000v\000m\0002\000:\000:\000a\000s\000t\000:\000:\000A\000r\000r\000a\000y\000N\000o\000d\000e\000\040\000C\000l\000a\000s\000s\000\040\000R\000e\000f\000e\000r\000e\000n\000c\000e}{chapter.8}% 36
\BOOKMARK [2][-]{subsection.8.3.1}{\376\377\0008\000.\0003\000.\0001\000\040\000D\000e\000t\000a\000i\000l\000e\000d\000\040\000D\000e\000s\000c\000r\000i\000p\000t\000i\000o\000n}{section.8.3}% 37
\BOOKMARK [1][-]{section.8.4}{\376\377\0008\000.\0004\000\040\000j\000s\000w\000f\000:\000:\000a\000v\000m\0002\000:\000:\000A\000r\000r\000a\000y\000O\000b\000j\000e\000c\000t\000\040\000C\000l\000a\000s\000s\000\040\000R\000e\000f\000e\000r\000e\000n\000c\000e}{chapter.8}% 38
\BOOKMARK [1][-]{section.8.5}{\376\377\0008\000.\0005\000\040\000j\000s\000w\000f\000:\000:\000a\000v\000m\0002\000:\000:\000a\000s\000t\000:\000:\000A\000t\000t\000r\000N\000o\000d\000e\000\040\000C\000l\000a\000s\000s\000\040\000R\000e\000f\000e\000r\000e\000n\000c\000e}{chapter.8}% 39
\BOOKMARK [2][-]{subsection.8.5.1}{\376\377\0008\000.\0005\000.\0001\000\040\000D\000e\000t\000a\000i\000l\000e\000d\000\040\000D\000e\000s\000c\000r\000i\000p\000t\000i\000o\000n}{section.8.5}% 40
\BOOKMARK [1][-]{section.8.6}{\376\377\0008\000.\0006\000\040\000j\000s\000w\000f\000:\000:\000f\000l\000a\000s\000h\000:\000:\000s\000t\000y\000l\000e\000s\000:\000:\000B\000i\000t\000m\000a\000p\000F\000i\000l\000l\000S\000t\000y\000l\000e\000\040\000C\000l\000a\000s\000s\000\040\000R\000e\000f\000e\000r\000e\000n\000c\000e}{chapter.8}% 41
\BOOKMARK [1][-]{section.8.7}{\376\377\0008\000.\0007\000\040\000j\000s\000w\000f\000:\000:\000a\000v\000m\0002\000:\000:\000B\000o\000o\000l\000e\000a\000n\000O\000b\000j\000e\000c\000t\000\040\000C\000l\000a\000s\000s\000\040\000R\000e\000f\000e\000r\000e\000n\000c\000e}{chapter.8}% 42
\BOOKMARK [1][-]{section.8.8}{\376\377\0008\000.\0008\000\040\000j\000s\000w\000f\000:\000:\000a\000v\000m\0002\000:\000:\000B\000u\000i\000l\000t\000i\000n\000M\000e\000t\000h\000o\000d\000O\000b\000j\000e\000c\000t\000\040\000C\000l\000a\000s\000s\000\040\000R\000e\000f\000e\000r\000e\000n\000c\000e}{chapter.8}% 43
\BOOKMARK [2][-]{subsection.8.8.1}{\376\377\0008\000.\0008\000.\0001\000\040\000D\000e\000t\000a\000i\000l\000e\000d\000\040\000D\000e\000s\000c\000r\000i\000p\000t\000i\000o\000n}{section.8.8}% 44
\BOOKMARK [1][-]{section.8.9}{\376\377\0008\000.\0009\000\040\000j\000s\000w\000f\000:\000:\000f\000l\000a\000s\000h\000:\000:\000B\000u\000t\000t\000o\000n\000\040\000C\000l\000a\000s\000s\000\040\000R\000e\000f\000e\000r\000e\000n\000c\000e}{chapter.8}% 45
\BOOKMARK [2][-]{subsection.8.9.1}{\376\377\0008\000.\0009\000.\0001\000\040\000D\000e\000t\000a\000i\000l\000e\000d\000\040\000D\000e\000s\000c\000r\000i\000p\000t\000i\000o\000n}{section.8.9}% 46
\BOOKMARK [1][-]{section.8.10}{\376\377\0008\000.\0001\0000\000\040\000j\000s\000w\000f\000:\000:\000a\000v\000m\0002\000:\000:\000a\000s\000t\000:\000:\000C\000a\000l\000l\000N\000o\000d\000e\000\040\000C\000l\000a\000s\000s\000\040\000R\000e\000f\000e\000r\000e\000n\000c\000e}{chapter.8}% 47
\BOOKMARK [2][-]{subsection.8.10.1}{\376\377\0008\000.\0001\0000\000.\0001\000\040\000D\000e\000t\000a\000i\000l\000e\000d\000\040\000D\000e\000s\000c\000r\000i\000p\000t\000i\000o\000n}{section.8.10}% 48
\BOOKMARK [1][-]{section.8.11}{\376\377\0008\000.\0001\0001\000\040\000j\000s\000w\000f\000:\000:\000f\000l\000a\000s\000h\000:\000:\000C\000h\000a\000r\000a\000c\000t\000e\000r\000\040\000C\000l\000a\000s\000s\000\040\000R\000e\000f\000e\000r\000e\000n\000c\000e}{chapter.8}% 49
\BOOKMARK [2][-]{subsection.8.11.1}{\376\377\0008\000.\0001\0001\000.\0001\000\040\000D\000e\000t\000a\000i\000l\000e\000d\000\040\000D\000e\000s\000c\000r\000i\000p\000t\000i\000o\000n}{section.8.11}% 50
\BOOKMARK [1][-]{section.8.12}{\376\377\0008\000.\0001\0002\000\040\000j\000s\000w\000f\000:\000:\000a\000v\000m\0002\000:\000:\000C\000l\000a\000s\000s\000\040\000C\000l\000a\000s\000s\000\040\000R\000e\000f\000e\000r\000e\000n\000c\000e}{chapter.8}% 51
\BOOKMARK [1][-]{section.8.13}{\376\377\0008\000.\0001\0003\000\040\000j\000s\000w\000f\000:\000:\000a\000v\000m\0002\000:\000:\000C\000l\000a\000s\000s\000I\000n\000f\000o\000\040\000S\000t\000r\000u\000c\000t\000\040\000R\000e\000f\000e\000r\000e\000n\000c\000e}{chapter.8}% 52
\BOOKMARK [1][-]{section.8.14}{\376\377\0008\000.\0001\0004\000\040\000j\000s\000w\000f\000:\000:\000a\000v\000m\0002\000:\000:\000C\000l\000a\000s\000s\000O\000b\000j\000e\000c\000t\000\040\000C\000l\000a\000s\000s\000\040\000R\000e\000f\000e\000r\000e\000n\000c\000e}{chapter.8}% 53
\BOOKMARK [2][-]{subsection.8.14.1}{\376\377\0008\000.\0001\0004\000.\0001\000\040\000D\000e\000t\000a\000i\000l\000e\000d\000\040\000D\000e\000s\000c\000r\000i\000p\000t\000i\000o\000n}{section.8.14}% 54
\BOOKMARK [1][-]{section.8.15}{\376\377\0008\000.\0001\0005\000\040\000j\000s\000w\000f\000:\000:\000a\000v\000m\0002\000:\000:\000C\000l\000a\000s\000s\000T\000r\000a\000i\000t\000I\000n\000f\000o\000\040\000S\000t\000r\000u\000c\000t\000\040\000R\000e\000f\000e\000r\000e\000n\000c\000e}{chapter.8}% 55
\BOOKMARK [1][-]{section.8.16}{\376\377\0008\000.\0001\0006\000\040\000j\000s\000w\000f\000:\000:\000f\000l\000a\000s\000h\000:\000:\000C\000o\000l\000o\000r\000T\000r\000a\000n\000s\000f\000o\000r\000m\000\040\000S\000t\000r\000u\000c\000t\000\040\000R\000e\000f\000e\000r\000e\000n\000c\000e}{chapter.8}% 56
\BOOKMARK [2][-]{subsection.8.16.1}{\376\377\0008\000.\0001\0006\000.\0001\000\040\000D\000e\000t\000a\000i\000l\000e\000d\000\040\000D\000e\000s\000c\000r\000i\000p\000t\000i\000o\000n}{section.8.16}% 57
\BOOKMARK [1][-]{section.8.17}{\376\377\0008\000.\0001\0007\000\040\000j\000s\000w\000f\000:\000:\000a\000v\000m\0002\000:\000:\000a\000s\000t\000:\000:\000C\000o\000m\000m\000e\000n\000t\000N\000o\000d\000e\000\040\000C\000l\000a\000s\000s\000\040\000R\000e\000f\000e\000r\000e\000n\000c\000e}{chapter.8}% 58
\BOOKMARK [2][-]{subsection.8.17.1}{\376\377\0008\000.\0001\0007\000.\0001\000\040\000D\000e\000t\000a\000i\000l\000e\000d\000\040\000D\000e\000s\000c\000r\000i\000p\000t\000i\000o\000n}{section.8.17}% 59
\BOOKMARK [1][-]{section.8.18}{\376\377\0008\000.\0001\0008\000\040\000j\000s\000w\000f\000:\000:\000a\000v\000m\0002\000:\000:\000a\000s\000t\000:\000:\000C\000o\000m\000p\000o\000u\000n\000d\000N\000o\000d\000e\000\040\000C\000l\000a\000s\000s\000\040\000R\000e\000f\000e\000r\000e\000n\000c\000e}{chapter.8}% 60
\BOOKMARK [2][-]{subsection.8.18.1}{\376\377\0008\000.\0001\0008\000.\0001\000\040\000D\000e\000t\000a\000i\000l\000e\000d\000\040\000D\000e\000s\000c\000r\000i\000p\000t\000i\000o\000n}{section.8.18}% 61
\BOOKMARK [1][-]{section.8.19}{\376\377\0008\000.\0001\0009\000\040\000j\000s\000w\000f\000:\000:\000f\000l\000a\000s\000h\000:\000:\000C\000o\000m\000p\000r\000e\000s\000s\000i\000o\000n\000\040\000S\000t\000r\000u\000c\000t\000\040\000R\000e\000f\000e\000r\000e\000n\000c\000e}{chapter.8}% 62
\BOOKMARK [2][-]{subsection.8.19.1}{\376\377\0008\000.\0001\0009\000.\0001\000\040\000D\000e\000t\000a\000i\000l\000e\000d\000\040\000D\000e\000s\000c\000r\000i\000p\000t\000i\000o\000n}{section.8.19}% 63
\BOOKMARK [1][-]{section.8.20}{\376\377\0008\000.\0002\0000\000\040\000j\000s\000w\000f\000:\000:\000a\000v\000m\0002\000:\000:\000C\000o\000n\000s\000t\000a\000n\000t\000K\000i\000n\000d\000\040\000S\000t\000r\000u\000c\000t\000\040\000R\000e\000f\000e\000r\000e\000n\000c\000e}{chapter.8}% 64
\BOOKMARK [1][-]{section.8.21}{\376\377\0008\000.\0002\0001\000\040\000j\000s\000w\000f\000:\000:\000a\000v\000m\0002\000:\000:\000a\000s\000t\000:\000:\000C\000o\000n\000s\000t\000a\000n\000t\000N\000o\000d\000e\000\040\000C\000l\000a\000s\000s\000\040\000R\000e\000f\000e\000r\000e\000n\000c\000e}{chapter.8}% 65
\BOOKMARK [1][-]{section.8.22}{\376\377\0008\000.\0002\0002\000\040\000j\000s\000w\000f\000:\000:\000a\000v\000m\0002\000:\000:\000C\000o\000n\000s\000t\000a\000n\000t\000P\000o\000o\000l\000\040\000S\000t\000r\000u\000c\000t\000\040\000R\000e\000f\000e\000r\000e\000n\000c\000e}{chapter.8}% 66
\BOOKMARK [1][-]{section.8.23}{\376\377\0008\000.\0002\0003\000\040\000j\000s\000w\000f\000:\000:\000r\000e\000n\000d\000e\000r\000:\000:\000C\000o\000n\000t\000e\000x\000t\000\040\000S\000t\000r\000u\000c\000t\000\040\000R\000e\000f\000e\000r\000e\000n\000c\000e}{chapter.8}% 67
\BOOKMARK [2][-]{subsection.8.23.1}{\376\377\0008\000.\0002\0003\000.\0001\000\040\000D\000e\000t\000a\000i\000l\000e\000d\000\040\000D\000e\000s\000c\000r\000i\000p\000t\000i\000o\000n}{section.8.23}% 68
\BOOKMARK [1][-]{section.8.24}{\376\377\0008\000.\0002\0004\000\040\000j\000s\000w\000f\000:\000:\000f\000l\000a\000s\000h\000:\000:\000t\000a\000g\000s\000:\000:\000D\000e\000f\000i\000n\000e\000B\000u\000t\000t\000o\000n\0002\000T\000a\000g\000\040\000C\000l\000a\000s\000s\000\040\000R\000e\000f\000e\000r\000e\000n\000c\000e}{chapter.8}% 69
\BOOKMARK [2][-]{subsection.8.24.1}{\376\377\0008\000.\0002\0004\000.\0001\000\040\000D\000e\000t\000a\000i\000l\000e\000d\000\040\000D\000e\000s\000c\000r\000i\000p\000t\000i\000o\000n}{section.8.24}% 70
\BOOKMARK [2][-]{subsection.8.24.2}{\376\377\0008\000.\0002\0004\000.\0002\000\040\000M\000e\000m\000b\000e\000r\000\040\000F\000u\000n\000c\000t\000i\000o\000n\000\040\000D\000o\000c\000u\000m\000e\000n\000t\000a\000t\000i\000o\000n}{section.8.24}% 71
\BOOKMARK [3][-]{subsubsection.8.24.2.1}{\376\377\0008\000.\0002\0004\000.\0002\000.\0001\000\040\000r\000e\000a\000d\000B\000e\000t\000w\000e\000e\000n}{subsection.8.24.2}% 72
\BOOKMARK [1][-]{section.8.25}{\376\377\0008\000.\0002\0005\000\040\000j\000s\000w\000f\000:\000:\000f\000l\000a\000s\000h\000:\000:\000t\000a\000g\000s\000:\000:\000D\000e\000f\000i\000n\000e\000B\000u\000t\000t\000o\000n\000T\000a\000g\000\040\000C\000l\000a\000s\000s\000\040\000R\000e\000f\000e\000r\000e\000n\000c\000e}{chapter.8}% 73
\BOOKMARK [2][-]{subsection.8.25.1}{\376\377\0008\000.\0002\0005\000.\0001\000\040\000D\000e\000t\000a\000i\000l\000e\000d\000\040\000D\000e\000s\000c\000r\000i\000p\000t\000i\000o\000n}{section.8.25}% 74
\BOOKMARK [2][-]{subsection.8.25.2}{\376\377\0008\000.\0002\0005\000.\0002\000\040\000M\000e\000m\000b\000e\000r\000\040\000F\000u\000n\000c\000t\000i\000o\000n\000\040\000D\000o\000c\000u\000m\000e\000n\000t\000a\000t\000i\000o\000n}{section.8.25}% 75
\BOOKMARK [3][-]{subsubsection.8.25.2.1}{\376\377\0008\000.\0002\0005\000.\0002\000.\0001\000\040\000r\000e\000a\000d}{subsection.8.25.2}% 76
\BOOKMARK [3][-]{subsubsection.8.25.2.2}{\376\377\0008\000.\0002\0005\000.\0002\000.\0002\000\040\000r\000e\000a\000d\000B\000e\000t\000w\000e\000e\000n}{subsection.8.25.2}% 77
\BOOKMARK [3][-]{subsubsection.8.25.2.3}{\376\377\0008\000.\0002\0005\000.\0002\000.\0003\000\040\000r\000e\000a\000d\000B\000u\000t\000t\000o\000n\000R\000e\000c\000o\000r\000d}{subsection.8.25.2}% 78
\BOOKMARK [1][-]{section.8.26}{\376\377\0008\000.\0002\0006\000\040\000j\000s\000w\000f\000:\000:\000f\000l\000a\000s\000h\000:\000:\000t\000a\000g\000s\000:\000:\000D\000e\000f\000i\000n\000e\000S\000c\000e\000n\000e\000A\000n\000d\000F\000r\000a\000m\000e\000L\000a\000b\000e\000l\000D\000a\000t\000a\000T\000a\000g\000\040\000C\000l\000a\000s\000s\000\040\000R\000e\000f\000e\000r\000e\000n\000c\000e}{chapter.8}% 79
\BOOKMARK [2][-]{subsection.8.26.1}{\376\377\0008\000.\0002\0006\000.\0001\000\040\000D\000e\000t\000a\000i\000l\000e\000d\000\040\000D\000e\000s\000c\000r\000i\000p\000t\000i\000o\000n}{section.8.26}% 80
\BOOKMARK [1][-]{section.8.27}{\376\377\0008\000.\0002\0007\000\040\000j\000s\000w\000f\000:\000:\000f\000l\000a\000s\000h\000:\000:\000t\000a\000g\000s\000:\000:\000D\000e\000f\000i\000n\000e\000S\000h\000a\000p\000e\0002\000T\000a\000g\000\040\000C\000l\000a\000s\000s\000\040\000R\000e\000f\000e\000r\000e\000n\000c\000e}{chapter.8}% 81
\BOOKMARK [2][-]{subsection.8.27.1}{\376\377\0008\000.\0002\0007\000.\0001\000\040\000D\000e\000t\000a\000i\000l\000e\000d\000\040\000D\000e\000s\000c\000r\000i\000p\000t\000i\000o\000n}{section.8.27}% 82
\BOOKMARK [2][-]{subsection.8.27.2}{\376\377\0008\000.\0002\0007\000.\0002\000\040\000M\000e\000m\000b\000e\000r\000\040\000F\000u\000n\000c\000t\000i\000o\000n\000\040\000D\000o\000c\000u\000m\000e\000n\000t\000a\000t\000i\000o\000n}{section.8.27}% 83
\BOOKMARK [3][-]{subsubsection.8.27.2.1}{\376\377\0008\000.\0002\0007\000.\0002\000.\0001\000\040\000r\000e\000a\000d\000A\000r\000r\000a\000y\000C\000o\000u\000n\000t}{subsection.8.27.2}% 84
\BOOKMARK [1][-]{section.8.28}{\376\377\0008\000.\0002\0008\000\040\000j\000s\000w\000f\000:\000:\000f\000l\000a\000s\000h\000:\000:\000t\000a\000g\000s\000:\000:\000D\000e\000f\000i\000n\000e\000S\000h\000a\000p\000e\0003\000T\000a\000g\000\040\000C\000l\000a\000s\000s\000\040\000R\000e\000f\000e\000r\000e\000n\000c\000e}{chapter.8}% 85
\BOOKMARK [2][-]{subsection.8.28.1}{\376\377\0008\000.\0002\0008\000.\0001\000\040\000D\000e\000t\000a\000i\000l\000e\000d\000\040\000D\000e\000s\000c\000r\000i\000p\000t\000i\000o\000n}{section.8.28}% 86
\BOOKMARK [2][-]{subsection.8.28.2}{\376\377\0008\000.\0002\0008\000.\0002\000\040\000M\000e\000m\000b\000e\000r\000\040\000F\000u\000n\000c\000t\000i\000o\000n\000\040\000D\000o\000c\000u\000m\000e\000n\000t\000a\000t\000i\000o\000n}{section.8.28}% 87
\BOOKMARK [3][-]{subsubsection.8.28.2.1}{\376\377\0008\000.\0002\0008\000.\0002\000.\0001\000\040\000r\000e\000a\000d\000C\000o\000l\000o\000r}{subsection.8.28.2}% 88
\BOOKMARK [1][-]{section.8.29}{\376\377\0008\000.\0002\0009\000\040\000j\000s\000w\000f\000:\000:\000f\000l\000a\000s\000h\000:\000:\000t\000a\000g\000s\000:\000:\000D\000e\000f\000i\000n\000e\000S\000h\000a\000p\000e\0004\000T\000a\000g\000\040\000C\000l\000a\000s\000s\000\040\000R\000e\000f\000e\000r\000e\000n\000c\000e}{chapter.8}% 89
\BOOKMARK [2][-]{subsection.8.29.1}{\376\377\0008\000.\0002\0009\000.\0001\000\040\000D\000e\000t\000a\000i\000l\000e\000d\000\040\000D\000e\000s\000c\000r\000i\000p\000t\000i\000o\000n}{section.8.29}% 90
\BOOKMARK [1][-]{section.8.30}{\376\377\0008\000.\0003\0000\000\040\000j\000s\000w\000f\000:\000:\000f\000l\000a\000s\000h\000:\000:\000t\000a\000g\000s\000:\000:\000D\000e\000f\000i\000n\000e\000S\000h\000a\000p\000e\000T\000a\000g\000\040\000C\000l\000a\000s\000s\000\040\000R\000e\000f\000e\000r\000e\000n\000c\000e}{chapter.8}% 91
\BOOKMARK [2][-]{subsection.8.30.1}{\376\377\0008\000.\0003\0000\000.\0001\000\040\000D\000e\000t\000a\000i\000l\000e\000d\000\040\000D\000e\000s\000c\000r\000i\000p\000t\000i\000o\000n}{section.8.30}% 92
\BOOKMARK [2][-]{subsection.8.30.2}{\376\377\0008\000.\0003\0000\000.\0002\000\040\000C\000o\000n\000s\000t\000r\000u\000c\000t\000o\000r\000\040\000\046\000\040\000D\000e\000s\000t\000r\000u\000c\000t\000o\000r\000\040\000D\000o\000c\000u\000m\000e\000n\000t\000a\000t\000i\000o\000n}{section.8.30}% 93
\BOOKMARK [3][-]{subsubsection.8.30.2.1}{\376\377\0008\000.\0003\0000\000.\0002\000.\0001\000\040\000D\000e\000f\000i\000n\000e\000S\000h\000a\000p\000e\000T\000a\000g}{subsection.8.30.2}% 94
\BOOKMARK [3][-]{subsubsection.8.30.2.2}{\376\377\0008\000.\0003\0000\000.\0002\000.\0002\000\040\000D\000e\000f\000i\000n\000e\000S\000h\000a\000p\000e\000T\000a\000g}{subsection.8.30.2}% 95
\BOOKMARK [2][-]{subsection.8.30.3}{\376\377\0008\000.\0003\0000\000.\0003\000\040\000M\000e\000m\000b\000e\000r\000\040\000F\000u\000n\000c\000t\000i\000o\000n\000\040\000D\000o\000c\000u\000m\000e\000n\000t\000a\000t\000i\000o\000n}{section.8.30}% 96
\BOOKMARK [3][-]{subsubsection.8.30.3.1}{\376\377\0008\000.\0003\0000\000.\0003\000.\0001\000\040\000r\000e\000a\000d\000A\000r\000r\000a\000y\000C\000o\000u\000n\000t}{subsection.8.30.3}% 97
\BOOKMARK [3][-]{subsubsection.8.30.3.2}{\376\377\0008\000.\0003\0000\000.\0003\000.\0002\000\040\000r\000e\000a\000d\000C\000o\000l\000o\000r}{subsection.8.30.3}% 98
\BOOKMARK [3][-]{subsubsection.8.30.3.3}{\376\377\0008\000.\0003\0000\000.\0003\000.\0003\000\040\000r\000e\000a\000d\000E\000d\000g\000e\000R\000e\000c\000o\000r\000d}{subsection.8.30.3}% 99
\BOOKMARK [3][-]{subsubsection.8.30.3.4}{\376\377\0008\000.\0003\0000\000.\0003\000.\0004\000\040\000r\000e\000a\000d\000F\000i\000l\000l\000S\000t\000y\000l\000e}{subsection.8.30.3}% 100
\BOOKMARK [3][-]{subsubsection.8.30.3.5}{\376\377\0008\000.\0003\0000\000.\0003\000.\0005\000\040\000r\000e\000a\000d\000F\000i\000l\000l\000S\000t\000y\000l\000e\000A\000r\000r\000a\000y}{subsection.8.30.3}% 101
\BOOKMARK [3][-]{subsubsection.8.30.3.6}{\376\377\0008\000.\0003\0000\000.\0003\000.\0006\000\040\000r\000e\000a\000d\000L\000i\000n\000e\000S\000t\000y\000l\000e}{subsection.8.30.3}% 102
\BOOKMARK [3][-]{subsubsection.8.30.3.7}{\376\377\0008\000.\0003\0000\000.\0003\000.\0007\000\040\000r\000e\000a\000d\000L\000i\000n\000e\000S\000t\000y\000l\000e\000A\000r\000r\000a\000y}{subsection.8.30.3}% 103
\BOOKMARK [3][-]{subsubsection.8.30.3.8}{\376\377\0008\000.\0003\0000\000.\0003\000.\0008\000\040\000r\000e\000a\000d\000S\000h\000a\000p\000e\000R\000e\000c\000o\000r\000d}{subsection.8.30.3}% 104
\BOOKMARK [1][-]{section.8.31}{\376\377\0008\000.\0003\0001\000\040\000j\000s\000w\000f\000:\000:\000f\000l\000a\000s\000h\000:\000:\000t\000a\000g\000s\000:\000:\000D\000e\000f\000i\000n\000e\000S\000p\000r\000i\000t\000e\000T\000a\000g\000\040\000C\000l\000a\000s\000s\000\040\000R\000e\000f\000e\000r\000e\000n\000c\000e}{chapter.8}% 105
\BOOKMARK [2][-]{subsection.8.31.1}{\376\377\0008\000.\0003\0001\000.\0001\000\040\000D\000e\000t\000a\000i\000l\000e\000d\000\040\000D\000e\000s\000c\000r\000i\000p\000t\000i\000o\000n}{section.8.31}% 106
\BOOKMARK [1][-]{section.8.32}{\376\377\0008\000.\0003\0002\000\040\000j\000s\000w\000f\000:\000:\000a\000v\000m\0002\000:\000:\000a\000s\000t\000:\000:\000D\000e\000f\000i\000n\000i\000t\000i\000o\000n\000N\000o\000d\000e\000\040\000C\000l\000a\000s\000s\000\040\000R\000e\000f\000e\000r\000e\000n\000c\000e}{chapter.8}% 107
\BOOKMARK [2][-]{subsection.8.32.1}{\376\377\0008\000.\0003\0002\000.\0001\000\040\000D\000e\000t\000a\000i\000l\000e\000d\000\040\000D\000e\000s\000c\000r\000i\000p\000t\000i\000o\000n}{section.8.32}% 108
\BOOKMARK [1][-]{section.8.33}{\376\377\0008\000.\0003\0003\000\040\000j\000s\000w\000f\000:\000:\000a\000v\000m\0002\000:\000:\000a\000s\000t\000:\000:\000D\000i\000a\000d\000i\000c\000N\000o\000d\000e\000\040\000C\000l\000a\000s\000s\000\040\000R\000e\000f\000e\000r\000e\000n\000c\000e}{chapter.8}% 109
\BOOKMARK [2][-]{subsection.8.33.1}{\376\377\0008\000.\0003\0003\000.\0001\000\040\000D\000e\000t\000a\000i\000l\000e\000d\000\040\000D\000e\000s\000c\000r\000i\000p\000t\000i\000o\000n}{section.8.33}% 110
\BOOKMARK [1][-]{section.8.34}{\376\377\0008\000.\0003\0004\000\040\000j\000s\000w\000f\000:\000:\000f\000l\000a\000s\000h\000:\000:\000D\000i\000s\000p\000l\000a\000y\000L\000i\000s\000t\000E\000n\000t\000r\000y\000\040\000S\000t\000r\000u\000c\000t\000\040\000R\000e\000f\000e\000r\000e\000n\000c\000e}{chapter.8}% 111
\BOOKMARK [2][-]{subsection.8.34.1}{\376\377\0008\000.\0003\0004\000.\0001\000\040\000D\000e\000t\000a\000i\000l\000e\000d\000\040\000D\000e\000s\000c\000r\000i\000p\000t\000i\000o\000n}{section.8.34}% 112
\BOOKMARK [1][-]{section.8.35}{\376\377\0008\000.\0003\0005\000\040\000j\000s\000w\000f\000:\000:\000a\000v\000m\0002\000:\000:\000D\000i\000s\000p\000l\000a\000y\000O\000b\000j\000e\000c\000t\000\040\000C\000l\000a\000s\000s\000\040\000R\000e\000f\000e\000r\000e\000n\000c\000e}{chapter.8}% 113
\BOOKMARK [1][-]{section.8.36}{\376\377\0008\000.\0003\0006\000\040\000j\000s\000w\000f\000:\000:\000f\000l\000a\000s\000h\000:\000:\000t\000a\000g\000s\000:\000:\000D\000o\000A\000B\000C\000T\000a\000g\000\040\000C\000l\000a\000s\000s\000\040\000R\000e\000f\000e\000r\000e\000n\000c\000e}{chapter.8}% 114
\BOOKMARK [2][-]{subsection.8.36.1}{\376\377\0008\000.\0003\0006\000.\0001\000\040\000D\000e\000t\000a\000i\000l\000e\000d\000\040\000D\000e\000s\000c\000r\000i\000p\000t\000i\000o\000n}{section.8.36}% 115
\BOOKMARK [1][-]{section.8.37}{\376\377\0008\000.\0003\0007\000\040\000j\000s\000w\000f\000:\000:\000f\000l\000a\000s\000h\000:\000:\000D\000o\000c\000u\000m\000e\000n\000t\000\040\000C\000l\000a\000s\000s\000\040\000R\000e\000f\000e\000r\000e\000n\000c\000e}{chapter.8}% 116
\BOOKMARK [2][-]{subsection.8.37.1}{\376\377\0008\000.\0003\0007\000.\0001\000\040\000D\000e\000t\000a\000i\000l\000e\000d\000\040\000D\000e\000s\000c\000r\000i\000p\000t\000i\000o\000n}{section.8.37}% 117
\BOOKMARK [2][-]{subsection.8.37.2}{\376\377\0008\000.\0003\0007\000.\0002\000\040\000M\000e\000m\000b\000e\000r\000\040\000D\000a\000t\000a\000\040\000D\000o\000c\000u\000m\000e\000n\000t\000a\000t\000i\000o\000n}{section.8.37}% 118
\BOOKMARK [3][-]{subsubsection.8.37.2.1}{\376\377\0008\000.\0003\0007\000.\0002\000.\0001\000\040\000r\000o\000o\000t\000S\000p\000r\000i\000t\000e}{subsection.8.37.2}% 119
\BOOKMARK [1][-]{section.8.38}{\376\377\0008\000.\0003\0008\000\040\000j\000s\000w\000f\000:\000:\000a\000v\000m\0002\000:\000:\000a\000s\000t\000:\000:\000D\000o\000u\000b\000l\000e\000N\000o\000d\000e\000\040\000C\000l\000a\000s\000s\000\040\000R\000e\000f\000e\000r\000e\000n\000c\000e}{chapter.8}% 120
\BOOKMARK [2][-]{subsection.8.38.1}{\376\377\0008\000.\0003\0008\000.\0001\000\040\000D\000e\000t\000a\000i\000l\000e\000d\000\040\000D\000e\000s\000c\000r\000i\000p\000t\000i\000o\000n}{section.8.38}% 121
\BOOKMARK [1][-]{section.8.39}{\376\377\0008\000.\0003\0009\000\040\000j\000s\000w\000f\000:\000:\000a\000v\000m\0002\000:\000:\000D\000o\000u\000b\000l\000e\000O\000b\000j\000e\000c\000t\000\040\000C\000l\000a\000s\000s\000\040\000R\000e\000f\000e\000r\000e\000n\000c\000e}{chapter.8}% 122
\BOOKMARK [1][-]{section.8.40}{\376\377\0008\000.\0004\0000\000\040\000j\000s\000w\000f\000:\000:\000a\000v\000m\0002\000:\000:\000E\000C\000M\000A\000H\000i\000n\000t\000\040\000S\000t\000r\000u\000c\000t\000\040\000R\000e\000f\000e\000r\000e\000n\000c\000e}{chapter.8}% 123
\BOOKMARK [1][-]{section.8.41}{\376\377\0008\000.\0004\0001\000\040\000j\000s\000w\000f\000:\000:\000f\000l\000a\000s\000h\000:\000:\000E\000d\000g\000e\000\040\000S\000t\000r\000u\000c\000t\000\040\000R\000e\000f\000e\000r\000e\000n\000c\000e}{chapter.8}% 124
\BOOKMARK [2][-]{subsection.8.41.1}{\376\377\0008\000.\0004\0001\000.\0001\000\040\000D\000e\000t\000a\000i\000l\000e\000d\000\040\000D\000e\000s\000c\000r\000i\000p\000t\000i\000o\000n}{section.8.41}% 125
\BOOKMARK [1][-]{section.8.42}{\376\377\0008\000.\0004\0002\000\040\000j\000s\000w\000f\000:\000:\000f\000l\000a\000s\000h\000:\000:\000t\000a\000g\000s\000:\000:\000E\000n\000d\000T\000a\000g\000\040\000C\000l\000a\000s\000s\000\040\000R\000e\000f\000e\000r\000e\000n\000c\000e}{chapter.8}% 126
\BOOKMARK [2][-]{subsection.8.42.1}{\376\377\0008\000.\0004\0002\000.\0001\000\040\000D\000e\000t\000a\000i\000l\000e\000d\000\040\000D\000e\000s\000c\000r\000i\000p\000t\000i\000o\000n}{section.8.42}% 127
\BOOKMARK [1][-]{section.8.43}{\376\377\0008\000.\0004\0003\000\040\000j\000s\000w\000f\000:\000:\000a\000v\000m\0002\000:\000:\000E\000x\000c\000e\000p\000t\000i\000o\000n\000I\000n\000f\000o\000\040\000S\000t\000r\000u\000c\000t\000\040\000R\000e\000f\000e\000r\000e\000n\000c\000e}{chapter.8}% 128
\BOOKMARK [1][-]{section.8.44}{\376\377\0008\000.\0004\0004\000\040\000j\000s\000w\000f\000:\000:\000f\000l\000a\000s\000h\000:\000:\000t\000a\000g\000s\000:\000:\000F\000i\000l\000e\000A\000t\000t\000r\000i\000b\000u\000t\000e\000s\000T\000a\000g\000\040\000C\000l\000a\000s\000s\000\040\000R\000e\000f\000e\000r\000e\000n\000c\000e}{chapter.8}% 129
\BOOKMARK [2][-]{subsection.8.44.1}{\376\377\0008\000.\0004\0004\000.\0001\000\040\000D\000e\000t\000a\000i\000l\000e\000d\000\040\000D\000e\000s\000c\000r\000i\000p\000t\000i\000o\000n}{section.8.44}% 130
\BOOKMARK [1][-]{section.8.45}{\376\377\0008\000.\0004\0005\000\040\000j\000s\000w\000f\000:\000:\000f\000l\000a\000s\000h\000:\000:\000s\000t\000y\000l\000e\000s\000:\000:\000F\000i\000l\000l\000S\000t\000y\000l\000e\000\040\000C\000l\000a\000s\000s\000\040\000R\000e\000f\000e\000r\000e\000n\000c\000e}{chapter.8}% 131
\BOOKMARK [1][-]{section.8.46}{\376\377\0008\000.\0004\0006\000\040\000j\000s\000w\000f\000:\000:\000f\000l\000a\000s\000h\000:\000:\000s\000t\000y\000l\000e\000s\000:\000:\000F\000o\000c\000a\000l\000G\000r\000a\000d\000i\000e\000n\000t\000F\000i\000l\000l\000S\000t\000y\000l\000e\000\040\000C\000l\000a\000s\000s\000\040\000R\000e\000f\000e\000r\000e\000n\000c\000e}{chapter.8}% 132
\BOOKMARK [1][-]{section.8.47}{\376\377\0008\000.\0004\0007\000\040\000j\000s\000w\000f\000:\000:\000f\000l\000a\000s\000h\000:\000:\000F\000r\000a\000m\000e\000\040\000C\000l\000a\000s\000s\000\040\000R\000e\000f\000e\000r\000e\000n\000c\000e}{chapter.8}% 133
\BOOKMARK [1][-]{section.8.48}{\376\377\0008\000.\0004\0008\000\040\000j\000s\000w\000f\000:\000:\000f\000l\000a\000s\000h\000:\000:\000F\000r\000a\000m\000e\000L\000a\000b\000e\000l\000\040\000S\000t\000r\000u\000c\000t\000\040\000R\000e\000f\000e\000r\000e\000n\000c\000e}{chapter.8}% 134
\BOOKMARK [2][-]{subsection.8.48.1}{\376\377\0008\000.\0004\0008\000.\0001\000\040\000D\000e\000t\000a\000i\000l\000e\000d\000\040\000D\000e\000s\000c\000r\000i\000p\000t\000i\000o\000n}{section.8.48}% 135
\BOOKMARK [1][-]{section.8.49}{\376\377\0008\000.\0004\0009\000\040\000j\000s\000w\000f\000:\000:\000a\000v\000m\0002\000:\000:\000a\000s\000t\000:\000:\000F\000u\000n\000c\000t\000i\000o\000n\000N\000o\000d\000e\000\040\000C\000l\000a\000s\000s\000\040\000R\000e\000f\000e\000r\000e\000n\000c\000e}{chapter.8}% 136
\BOOKMARK [2][-]{subsection.8.49.1}{\376\377\0008\000.\0004\0009\000.\0001\000\040\000D\000e\000t\000a\000i\000l\000e\000d\000\040\000D\000e\000s\000c\000r\000i\000p\000t\000i\000o\000n}{section.8.49}% 137
\BOOKMARK [1][-]{section.8.50}{\376\377\0008\000.\0005\0000\000\040\000j\000s\000w\000f\000:\000:\000a\000v\000m\0002\000:\000:\000F\000u\000n\000c\000t\000i\000o\000n\000O\000b\000j\000e\000c\000t\000\040\000C\000l\000a\000s\000s\000\040\000R\000e\000f\000e\000r\000e\000n\000c\000e}{chapter.8}% 138
\BOOKMARK [2][-]{subsection.8.50.1}{\376\377\0008\000.\0005\0000\000.\0001\000\040\000D\000e\000t\000a\000i\000l\000e\000d\000\040\000D\000e\000s\000c\000r\000i\000p\000t\000i\000o\000n}{section.8.50}% 139
\BOOKMARK [1][-]{section.8.51}{\376\377\0008\000.\0005\0001\000\040\000j\000s\000w\000f\000:\000:\000a\000v\000m\0002\000:\000:\000F\000u\000n\000c\000t\000i\000o\000n\000T\000r\000a\000i\000t\000I\000n\000f\000o\000\040\000S\000t\000r\000u\000c\000t\000\040\000R\000e\000f\000e\000r\000e\000n\000c\000e}{chapter.8}% 140
\BOOKMARK [1][-]{section.8.52}{\376\377\0008\000.\0005\0002\000\040\000j\000s\000w\000f\000:\000:\000i\000o\000:\000:\000G\000e\000n\000e\000r\000i\000c\000R\000e\000a\000d\000e\000r\000\040\000C\000l\000a\000s\000s\000\040\000R\000e\000f\000e\000r\000e\000n\000c\000e}{chapter.8}% 141
\BOOKMARK [2][-]{subsection.8.52.1}{\376\377\0008\000.\0005\0002\000.\0001\000\040\000D\000e\000t\000a\000i\000l\000e\000d\000\040\000D\000e\000s\000c\000r\000i\000p\000t\000i\000o\000n}{section.8.52}% 142
\BOOKMARK [2][-]{subsection.8.52.2}{\376\377\0008\000.\0005\0002\000.\0002\000\040\000M\000e\000m\000b\000e\000r\000\040\000D\000a\000t\000a\000\040\000D\000o\000c\000u\000m\000e\000n\000t\000a\000t\000i\000o\000n}{section.8.52}% 143
\BOOKMARK [3][-]{subsubsection.8.52.2.1}{\376\377\0008\000.\0005\0002\000.\0002\000.\0001\000\040\000p\000o\000s}{subsection.8.52.2}% 144
\BOOKMARK [1][-]{section.8.53}{\376\377\0008\000.\0005\0003\000\040\000j\000s\000w\000f\000:\000:\000f\000l\000a\000s\000h\000:\000:\000s\000t\000y\000l\000e\000s\000:\000:\000G\000r\000a\000d\000i\000e\000n\000t\000F\000i\000l\000l\000S\000t\000y\000l\000e\000\040\000C\000l\000a\000s\000s\000\040\000R\000e\000f\000e\000r\000e\000n\000c\000e}{chapter.8}% 145
\BOOKMARK [1][-]{section.8.54}{\376\377\0008\000.\0005\0004\000\040\000j\000s\000w\000f\000:\000:\000f\000l\000a\000s\000h\000:\000:\000s\000t\000y\000l\000e\000s\000:\000:\000G\000r\000a\000d\000i\000e\000n\000t\000S\000t\000o\000p\000\040\000S\000t\000r\000u\000c\000t\000\040\000R\000e\000f\000e\000r\000e\000n\000c\000e}{chapter.8}% 146
\BOOKMARK [1][-]{section.8.55}{\376\377\0008\000.\0005\0005\000\040\000j\000s\000w\000f\000:\000:\000f\000l\000a\000s\000h\000:\000:\000H\000e\000a\000d\000e\000r\000\040\000S\000t\000r\000u\000c\000t\000\040\000R\000e\000f\000e\000r\000e\000n\000c\000e}{chapter.8}% 147
\BOOKMARK [2][-]{subsection.8.55.1}{\376\377\0008\000.\0005\0005\000.\0001\000\040\000D\000e\000t\000a\000i\000l\000e\000d\000\040\000D\000e\000s\000c\000r\000i\000p\000t\000i\000o\000n}{section.8.55}% 148
\BOOKMARK [1][-]{section.8.56}{\376\377\0008\000.\0005\0006\000\040\000j\000s\000w\000f\000:\000:\000a\000v\000m\0002\000:\000:\000I\000n\000s\000t\000a\000n\000c\000e\000I\000n\000f\000o\000\040\000S\000t\000r\000u\000c\000t\000\040\000R\000e\000f\000e\000r\000e\000n\000c\000e}{chapter.8}% 149
\BOOKMARK [1][-]{section.8.57}{\376\377\0008\000.\0005\0007\000\040\000j\000s\000w\000f\000:\000:\000a\000v\000m\0002\000:\000:\000a\000s\000t\000:\000:\000I\000n\000t\000N\000o\000d\000e\000\040\000C\000l\000a\000s\000s\000\040\000R\000e\000f\000e\000r\000e\000n\000c\000e}{chapter.8}% 150
\BOOKMARK [2][-]{subsection.8.57.1}{\376\377\0008\000.\0005\0007\000.\0001\000\040\000D\000e\000t\000a\000i\000l\000e\000d\000\040\000D\000e\000s\000c\000r\000i\000p\000t\000i\000o\000n}{section.8.57}% 151
\BOOKMARK [1][-]{section.8.58}{\376\377\0008\000.\0005\0008\000\040\000j\000s\000w\000f\000:\000:\000a\000v\000m\0002\000:\000:\000I\000n\000t\000O\000b\000j\000e\000c\000t\000\040\000C\000l\000a\000s\000s\000\040\000R\000e\000f\000e\000r\000e\000n\000c\000e}{chapter.8}% 152
\BOOKMARK [1][-]{section.8.59}{\376\377\0008\000.\0005\0009\000\040\000j\000s\000w\000f\000:\000:\000f\000l\000a\000s\000h\000:\000:\000t\000a\000g\000s\000:\000:\000I\000T\000a\000g\000F\000o\000r\000D\000o\000c\000u\000m\000e\000n\000t\000\040\000C\000l\000a\000s\000s\000\040\000R\000e\000f\000e\000r\000e\000n\000c\000e}{chapter.8}% 153
\BOOKMARK [2][-]{subsection.8.59.1}{\376\377\0008\000.\0005\0009\000.\0001\000\040\000D\000e\000t\000a\000i\000l\000e\000d\000\040\000D\000e\000s\000c\000r\000i\000p\000t\000i\000o\000n}{section.8.59}% 154
\BOOKMARK [1][-]{section.8.60}{\376\377\0008\000.\0006\0000\000\040\000j\000s\000w\000f\000:\000:\000f\000l\000a\000s\000h\000:\000:\000t\000a\000g\000s\000:\000:\000I\000T\000a\000g\000F\000o\000r\000S\000p\000r\000i\000t\000e\000\040\000C\000l\000a\000s\000s\000\040\000R\000e\000f\000e\000r\000e\000n\000c\000e}{chapter.8}% 155
\BOOKMARK [2][-]{subsection.8.60.1}{\376\377\0008\000.\0006\0000\000.\0001\000\040\000D\000e\000t\000a\000i\000l\000e\000d\000\040\000D\000e\000s\000c\000r\000i\000p\000t\000i\000o\000n}{section.8.60}% 156
\BOOKMARK [1][-]{section.8.61}{\376\377\0008\000.\0006\0001\000\040\000j\000s\000w\000f\000:\000:\000f\000l\000a\000s\000h\000:\000:\000s\000t\000y\000l\000e\000s\000:\000:\000L\000i\000n\000e\000S\000t\000y\000l\000e\000\040\000C\000l\000a\000s\000s\000\040\000R\000e\000f\000e\000r\000e\000n\000c\000e}{chapter.8}% 157
\BOOKMARK [1][-]{section.8.62}{\376\377\0008\000.\0006\0002\000\040\000j\000s\000w\000f\000:\000:\000a\000v\000m\0002\000:\000:\000a\000s\000t\000:\000:\000L\000o\000c\000a\000l\000N\000o\000d\000e\000\040\000C\000l\000a\000s\000s\000\040\000R\000e\000f\000e\000r\000e\000n\000c\000e}{chapter.8}% 158
\BOOKMARK [2][-]{subsection.8.62.1}{\376\377\0008\000.\0006\0002\000.\0001\000\040\000D\000e\000t\000a\000i\000l\000e\000d\000\040\000D\000e\000s\000c\000r\000i\000p\000t\000i\000o\000n}{section.8.62}% 159
\BOOKMARK [1][-]{section.8.63}{\376\377\0008\000.\0006\0003\000\040\000j\000s\000w\000f\000:\000:\000f\000l\000a\000s\000h\000:\000:\000M\000a\000t\000r\000i\000x\000\040\000S\000t\000r\000u\000c\000t\000\040\000R\000e\000f\000e\000r\000e\000n\000c\000e}{chapter.8}% 160
\BOOKMARK [2][-]{subsection.8.63.1}{\376\377\0008\000.\0006\0003\000.\0001\000\040\000D\000e\000t\000a\000i\000l\000e\000d\000\040\000D\000e\000s\000c\000r\000i\000p\000t\000i\000o\000n}{section.8.63}% 161
\BOOKMARK [1][-]{section.8.64}{\376\377\0008\000.\0006\0004\000\040\000j\000s\000w\000f\000:\000:\000a\000v\000m\0002\000:\000:\000M\000e\000t\000a\000d\000a\000t\000a\000\040\000S\000t\000r\000u\000c\000t\000\040\000R\000e\000f\000e\000r\000e\000n\000c\000e}{chapter.8}% 162
\BOOKMARK [1][-]{section.8.65}{\376\377\0008\000.\0006\0005\000\040\000j\000s\000w\000f\000:\000:\000a\000v\000m\0002\000:\000:\000M\000e\000t\000a\000d\000a\000t\000a\000I\000t\000e\000m\000\040\000S\000t\000r\000u\000c\000t\000\040\000R\000e\000f\000e\000r\000e\000n\000c\000e}{chapter.8}% 163
\BOOKMARK [1][-]{section.8.66}{\376\377\0008\000.\0006\0006\000\040\000j\000s\000w\000f\000:\000:\000a\000v\000m\0002\000:\000:\000M\000e\000t\000h\000o\000d\000B\000o\000d\000y\000\040\000S\000t\000r\000u\000c\000t\000\040\000R\000e\000f\000e\000r\000e\000n\000c\000e}{chapter.8}% 164
\BOOKMARK [1][-]{section.8.67}{\376\377\0008\000.\0006\0007\000\040\000j\000s\000w\000f\000:\000:\000a\000v\000m\0002\000:\000:\000M\000e\000t\000h\000o\000d\000I\000n\000f\000o\000\040\000S\000t\000r\000u\000c\000t\000\040\000R\000e\000f\000e\000r\000e\000n\000c\000e}{chapter.8}% 165
\BOOKMARK [1][-]{section.8.68}{\376\377\0008\000.\0006\0008\000\040\000j\000s\000w\000f\000:\000:\000a\000v\000m\0002\000:\000:\000M\000e\000t\000h\000o\000d\000O\000b\000j\000e\000c\000t\000\040\000C\000l\000a\000s\000s\000\040\000R\000e\000f\000e\000r\000e\000n\000c\000e}{chapter.8}% 166
\BOOKMARK [2][-]{subsection.8.68.1}{\376\377\0008\000.\0006\0008\000.\0001\000\040\000D\000e\000t\000a\000i\000l\000e\000d\000\040\000D\000e\000s\000c\000r\000i\000p\000t\000i\000o\000n}{section.8.68}% 167
\BOOKMARK [1][-]{section.8.69}{\376\377\0008\000.\0006\0009\000\040\000j\000s\000w\000f\000:\000:\000a\000v\000m\0002\000:\000:\000M\000e\000t\000h\000o\000d\000T\000r\000a\000i\000t\000I\000n\000f\000o\000\040\000S\000t\000r\000u\000c\000t\000\040\000R\000e\000f\000e\000r\000e\000n\000c\000e}{chapter.8}% 168
\BOOKMARK [1][-]{section.8.70}{\376\377\0008\000.\0007\0000\000\040\000j\000s\000w\000f\000:\000:\000a\000v\000m\0002\000:\000:\000a\000s\000t\000:\000:\000M\000o\000n\000a\000d\000i\000c\000N\000o\000d\000e\000\040\000C\000l\000a\000s\000s\000\040\000R\000e\000f\000e\000r\000e\000n\000c\000e}{chapter.8}% 169
\BOOKMARK [2][-]{subsection.8.70.1}{\376\377\0008\000.\0007\0000\000.\0001\000\040\000D\000e\000t\000a\000i\000l\000e\000d\000\040\000D\000e\000s\000c\000r\000i\000p\000t\000i\000o\000n}{section.8.70}% 170
\BOOKMARK [1][-]{section.8.71}{\376\377\0008\000.\0007\0001\000\040\000j\000s\000w\000f\000:\000:\000a\000v\000m\0002\000:\000:\000M\000u\000l\000t\000i\000n\000a\000m\000e\000\040\000S\000t\000r\000u\000c\000t\000\040\000R\000e\000f\000e\000r\000e\000n\000c\000e}{chapter.8}% 171
\BOOKMARK [1][-]{section.8.72}{\376\377\0008\000.\0007\0002\000\040\000j\000s\000w\000f\000:\000:\000a\000v\000m\0002\000:\000:\000M\000u\000l\000t\000i\000n\000a\000m\000e\000O\000b\000j\000e\000c\000t\000\040\000C\000l\000a\000s\000s\000\040\000R\000e\000f\000e\000r\000e\000n\000c\000e}{chapter.8}% 172
\BOOKMARK [1][-]{section.8.73}{\376\377\0008\000.\0007\0003\000\040\000j\000s\000w\000f\000:\000:\000a\000v\000m\0002\000:\000:\000N\000a\000m\000e\000s\000p\000a\000c\000e\000\040\000S\000t\000r\000u\000c\000t\000\040\000R\000e\000f\000e\000r\000e\000n\000c\000e}{chapter.8}% 173
\BOOKMARK [1][-]{section.8.74}{\376\377\0008\000.\0007\0004\000\040\000j\000s\000w\000f\000:\000:\000a\000v\000m\0002\000:\000:\000N\000a\000m\000e\000s\000p\000a\000c\000e\000K\000i\000n\000d\000\040\000S\000t\000r\000u\000c\000t\000\040\000R\000e\000f\000e\000r\000e\000n\000c\000e}{chapter.8}% 174
\BOOKMARK [1][-]{section.8.75}{\376\377\0008\000.\0007\0005\000\040\000j\000s\000w\000f\000:\000:\000a\000v\000m\0002\000:\000:\000N\000a\000m\000e\000s\000p\000a\000c\000e\000O\000b\000j\000e\000c\000t\000\040\000C\000l\000a\000s\000s\000\040\000R\000e\000f\000e\000r\000e\000n\000c\000e}{chapter.8}% 175
\BOOKMARK [1][-]{section.8.76}{\376\377\0008\000.\0007\0006\000\040\000j\000s\000w\000f\000:\000:\000a\000v\000m\0002\000:\000:\000N\000a\000m\000e\000s\000p\000a\000c\000e\000S\000e\000t\000\040\000S\000t\000r\000u\000c\000t\000\040\000R\000e\000f\000e\000r\000e\000n\000c\000e}{chapter.8}% 176
\BOOKMARK [1][-]{section.8.77}{\376\377\0008\000.\0007\0007\000\040\000j\000s\000w\000f\000:\000:\000a\000v\000m\0002\000:\000:\000N\000a\000t\000i\000v\000e\000O\000b\000j\000e\000c\000t\000\040\000C\000l\000a\000s\000s\000\040\000R\000e\000f\000e\000r\000e\000n\000c\000e}{chapter.8}% 177
\BOOKMARK [1][-]{section.8.78}{\376\377\0008\000.\0007\0008\000\040\000j\000s\000w\000f\000:\000:\000a\000v\000m\0002\000:\000:\000a\000s\000t\000:\000:\000N\000o\000d\000e\000\040\000C\000l\000a\000s\000s\000\040\000R\000e\000f\000e\000r\000e\000n\000c\000e}{chapter.8}% 178
\BOOKMARK [2][-]{subsection.8.78.1}{\376\377\0008\000.\0007\0008\000.\0001\000\040\000D\000e\000t\000a\000i\000l\000e\000d\000\040\000D\000e\000s\000c\000r\000i\000p\000t\000i\000o\000n}{section.8.78}% 179
\BOOKMARK [1][-]{section.8.79}{\376\377\0008\000.\0007\0009\000\040\000j\000s\000w\000f\000:\000:\000a\000v\000m\0002\000:\000:\000N\000u\000m\000b\000e\000r\000O\000b\000j\000e\000c\000t\000\040\000C\000l\000a\000s\000s\000\040\000R\000e\000f\000e\000r\000e\000n\000c\000e}{chapter.8}% 180
\BOOKMARK [1][-]{section.8.80}{\376\377\0008\000.\0008\0000\000\040\000j\000s\000w\000f\000:\000:\000a\000v\000m\0002\000:\000:\000O\000b\000j\000e\000c\000t\000\040\000C\000l\000a\000s\000s\000\040\000R\000e\000f\000e\000r\000e\000n\000c\000e}{chapter.8}% 181
\BOOKMARK [1][-]{section.8.81}{\376\377\0008\000.\0008\0001\000\040\000j\000s\000w\000f\000:\000:\000a\000v\000m\0002\000:\000:\000a\000s\000t\000:\000:\000O\000b\000j\000e\000c\000t\000N\000o\000d\000e\000\040\000C\000l\000a\000s\000s\000\040\000R\000e\000f\000e\000r\000e\000n\000c\000e}{chapter.8}% 182
\BOOKMARK [2][-]{subsection.8.81.1}{\376\377\0008\000.\0008\0001\000.\0001\000\040\000D\000e\000t\000a\000i\000l\000e\000d\000\040\000D\000e\000s\000c\000r\000i\000p\000t\000i\000o\000n}{section.8.81}% 183
\BOOKMARK [1][-]{section.8.82}{\376\377\0008\000.\0008\0002\000\040\000j\000s\000w\000f\000:\000:\000a\000v\000m\0002\000:\000:\000O\000p\000t\000i\000o\000n\000D\000e\000t\000a\000i\000l\000\040\000S\000t\000r\000u\000c\000t\000\040\000R\000e\000f\000e\000r\000e\000n\000c\000e}{chapter.8}% 184
\BOOKMARK [1][-]{section.8.83}{\376\377\0008\000.\0008\0003\000\040\000j\000s\000w\000f\000:\000:\000f\000l\000a\000s\000h\000:\000:\000t\000a\000g\000s\000:\000:\000P\000l\000a\000c\000e\000O\000b\000j\000e\000c\000t\0002\000T\000a\000g\000\040\000C\000l\000a\000s\000s\000\040\000R\000e\000f\000e\000r\000e\000n\000c\000e}{chapter.8}% 185
\BOOKMARK [2][-]{subsection.8.83.1}{\376\377\0008\000.\0008\0003\000.\0001\000\040\000D\000e\000t\000a\000i\000l\000e\000d\000\040\000D\000e\000s\000c\000r\000i\000p\000t\000i\000o\000n}{section.8.83}% 186
\BOOKMARK [2][-]{subsection.8.83.2}{\376\377\0008\000.\0008\0003\000.\0002\000\040\000M\000e\000m\000b\000e\000r\000\040\000F\000u\000n\000c\000t\000i\000o\000n\000\040\000D\000o\000c\000u\000m\000e\000n\000t\000a\000t\000i\000o\000n}{section.8.83}% 187
\BOOKMARK [3][-]{subsubsection.8.83.2.1}{\376\377\0008\000.\0008\0003\000.\0002\000.\0001\000\040\000a\000p\000p\000l\000y\000T\000o\000S\000p\000r\000i\000t\000e}{subsection.8.83.2}% 188
\BOOKMARK [1][-]{section.8.84}{\376\377\0008\000.\0008\0004\000\040\000j\000s\000w\000f\000:\000:\000f\000l\000a\000s\000h\000:\000:\000P\000o\000i\000n\000t\000\040\000S\000t\000r\000u\000c\000t\000\040\000R\000e\000f\000e\000r\000e\000n\000c\000e}{chapter.8}% 189
\BOOKMARK [2][-]{subsection.8.84.1}{\376\377\0008\000.\0008\0004\000.\0001\000\040\000D\000e\000t\000a\000i\000l\000e\000d\000\040\000D\000e\000s\000c\000r\000i\000p\000t\000i\000o\000n}{section.8.84}% 190
\BOOKMARK [1][-]{section.8.85}{\376\377\0008\000.\0008\0005\000\040\000j\000s\000w\000f\000:\000:\000f\000l\000a\000s\000h\000:\000:\000P\000o\000l\000y\000g\000o\000n\000\040\000S\000t\000r\000u\000c\000t\000\040\000R\000e\000f\000e\000r\000e\000n\000c\000e}{chapter.8}% 191
\BOOKMARK [2][-]{subsection.8.85.1}{\376\377\0008\000.\0008\0005\000.\0001\000\040\000D\000e\000t\000a\000i\000l\000e\000d\000\040\000D\000e\000s\000c\000r\000i\000p\000t\000i\000o\000n}{section.8.85}% 192
\BOOKMARK [1][-]{section.8.86}{\376\377\0008\000.\0008\0006\000\040\000j\000s\000w\000f\000:\000:\000a\000v\000m\0002\000:\000:\000a\000s\000t\000:\000:\000P\000r\000i\000m\000i\000t\000i\000v\000e\000C\000a\000s\000t\000N\000o\000d\000e\000\040\000C\000l\000a\000s\000s\000\040\000R\000e\000f\000e\000r\000e\000n\000c\000e}{chapter.8}% 193
\BOOKMARK [2][-]{subsection.8.86.1}{\376\377\0008\000.\0008\0006\000.\0001\000\040\000D\000e\000t\000a\000i\000l\000e\000d\000\040\000D\000e\000s\000c\000r\000i\000p\000t\000i\000o\000n}{section.8.86}% 194
\BOOKMARK [1][-]{section.8.87}{\376\377\0008\000.\0008\0007\000\040\000j\000s\000w\000f\000:\000:\000a\000v\000m\0002\000:\000:\000a\000s\000t\000:\000:\000P\000r\000o\000p\000N\000o\000d\000e\000\040\000C\000l\000a\000s\000s\000\040\000R\000e\000f\000e\000r\000e\000n\000c\000e}{chapter.8}% 195
\BOOKMARK [2][-]{subsection.8.87.1}{\376\377\0008\000.\0008\0007\000.\0001\000\040\000D\000e\000t\000a\000i\000l\000e\000d\000\040\000D\000e\000s\000c\000r\000i\000p\000t\000i\000o\000n}{section.8.87}% 196
\BOOKMARK [1][-]{section.8.88}{\376\377\0008\000.\0008\0008\000\040\000j\000s\000w\000f\000:\000:\000f\000l\000a\000s\000h\000:\000:\000R\000e\000a\000d\000e\000r\000\040\000C\000l\000a\000s\000s\000\040\000R\000e\000f\000e\000r\000e\000n\000c\000e}{chapter.8}% 197
\BOOKMARK [2][-]{subsection.8.88.1}{\376\377\0008\000.\0008\0008\000.\0001\000\040\000D\000e\000t\000a\000i\000l\000e\000d\000\040\000D\000e\000s\000c\000r\000i\000p\000t\000i\000o\000n}{section.8.88}% 198
\BOOKMARK [2][-]{subsection.8.88.2}{\376\377\0008\000.\0008\0008\000.\0002\000\040\000M\000e\000m\000b\000e\000r\000\040\000F\000u\000n\000c\000t\000i\000o\000n\000\040\000D\000o\000c\000u\000m\000e\000n\000t\000a\000t\000i\000o\000n}{section.8.88}% 199
\BOOKMARK [3][-]{subsubsection.8.88.2.1}{\376\377\0008\000.\0008\0008\000.\0002\000.\0001\000\040\000r\000e\000a\000d\000A\000R\000G\000B}{subsection.8.88.2}% 200
\BOOKMARK [3][-]{subsubsection.8.88.2.2}{\376\377\0008\000.\0008\0008\000.\0002\000.\0002\000\040\000r\000e\000a\000d\000C\000o\000l\000o\000r\000T\000r\000a\000n\000s\000f\000o\000r\000m}{subsection.8.88.2}% 201
\BOOKMARK [3][-]{subsubsection.8.88.2.3}{\376\377\0008\000.\0008\0008\000.\0002\000.\0003\000\040\000r\000e\000a\000d\000H\000e\000a\000d\000e\000r}{subsection.8.88.2}% 202
\BOOKMARK [3][-]{subsubsection.8.88.2.4}{\376\377\0008\000.\0008\0008\000.\0002\000.\0004\000\040\000r\000e\000a\000d\000M\000a\000t\000r\000i\000x}{subsection.8.88.2}% 203
\BOOKMARK [3][-]{subsubsection.8.88.2.5}{\376\377\0008\000.\0008\0008\000.\0002\000.\0005\000\040\000r\000e\000a\000d\000R\000e\000c\000t}{subsection.8.88.2}% 204
\BOOKMARK [3][-]{subsubsection.8.88.2.6}{\376\377\0008\000.\0008\0008\000.\0002\000.\0006\000\040\000r\000e\000a\000d\000R\000G\000B}{subsection.8.88.2}% 205
\BOOKMARK [3][-]{subsubsection.8.88.2.7}{\376\377\0008\000.\0008\0008\000.\0002\000.\0007\000\040\000r\000e\000a\000d\000R\000G\000B\000A}{subsection.8.88.2}% 206
\BOOKMARK [3][-]{subsubsection.8.88.2.8}{\376\377\0008\000.\0008\0008\000.\0002\000.\0008\000\040\000r\000e\000a\000d\000T\000a\000g}{subsection.8.88.2}% 207
\BOOKMARK [1][-]{section.8.89}{\376\377\0008\000.\0008\0009\000\040\000j\000s\000w\000f\000:\000:\000f\000l\000a\000s\000h\000:\000:\000R\000e\000c\000t\000\040\000S\000t\000r\000u\000c\000t\000\040\000R\000e\000f\000e\000r\000e\000n\000c\000e}{chapter.8}% 208
\BOOKMARK [2][-]{subsection.8.89.1}{\376\377\0008\000.\0008\0009\000.\0001\000\040\000D\000e\000t\000a\000i\000l\000e\000d\000\040\000D\000e\000s\000c\000r\000i\000p\000t\000i\000o\000n}{section.8.89}% 209
\BOOKMARK [1][-]{section.8.90}{\376\377\0008\000.\0009\0000\000\040\000j\000s\000w\000f\000:\000:\000f\000l\000a\000s\000h\000:\000:\000t\000a\000g\000s\000:\000:\000R\000e\000m\000o\000v\000e\000O\000b\000j\000e\000c\000t\0002\000T\000a\000g\000\040\000C\000l\000a\000s\000s\000\040\000R\000e\000f\000e\000r\000e\000n\000c\000e}{chapter.8}% 210
\BOOKMARK [2][-]{subsection.8.90.1}{\376\377\0008\000.\0009\0000\000.\0001\000\040\000D\000e\000t\000a\000i\000l\000e\000d\000\040\000D\000e\000s\000c\000r\000i\000p\000t\000i\000o\000n}{section.8.90}% 211
\BOOKMARK [1][-]{section.8.91}{\376\377\0008\000.\0009\0001\000\040\000j\000s\000w\000f\000:\000:\000a\000v\000m\0002\000:\000:\000a\000s\000t\000:\000:\000R\000e\000t\000u\000r\000n\000N\000o\000d\000e\000\040\000C\000l\000a\000s\000s\000\040\000R\000e\000f\000e\000r\000e\000n\000c\000e}{chapter.8}% 212
\BOOKMARK [2][-]{subsection.8.91.1}{\376\377\0008\000.\0009\0001\000.\0001\000\040\000D\000e\000t\000a\000i\000l\000e\000d\000\040\000D\000e\000s\000c\000r\000i\000p\000t\000i\000o\000n}{section.8.91}% 213
\BOOKMARK [1][-]{section.8.92}{\376\377\0008\000.\0009\0002\000\040\000j\000s\000w\000f\000:\000:\000f\000l\000a\000s\000h\000:\000:\000R\000G\000B\000A\000\040\000S\000t\000r\000u\000c\000t\000\040\000R\000e\000f\000e\000r\000e\000n\000c\000e}{chapter.8}% 214
\BOOKMARK [2][-]{subsection.8.92.1}{\376\377\0008\000.\0009\0002\000.\0001\000\040\000D\000e\000t\000a\000i\000l\000e\000d\000\040\000D\000e\000s\000c\000r\000i\000p\000t\000i\000o\000n}{section.8.92}% 215
\BOOKMARK [1][-]{section.8.93}{\376\377\0008\000.\0009\0003\000\040\000j\000s\000w\000f\000:\000:\000f\000l\000a\000s\000h\000:\000:\000S\000c\000e\000n\000e\000\040\000S\000t\000r\000u\000c\000t\000\040\000R\000e\000f\000e\000r\000e\000n\000c\000e}{chapter.8}% 216
\BOOKMARK [2][-]{subsection.8.93.1}{\376\377\0008\000.\0009\0003\000.\0001\000\040\000D\000e\000t\000a\000i\000l\000e\000d\000\040\000D\000e\000s\000c\000r\000i\000p\000t\000i\000o\000n}{section.8.93}% 217
\BOOKMARK [1][-]{section.8.94}{\376\377\0008\000.\0009\0004\000\040\000j\000s\000w\000f\000:\000:\000a\000v\000m\0002\000:\000:\000S\000c\000o\000p\000e\000\040\000C\000l\000a\000s\000s\000\040\000R\000e\000f\000e\000r\000e\000n\000c\000e}{chapter.8}% 218
\BOOKMARK [1][-]{section.8.95}{\376\377\0008\000.\0009\0005\000\040\000j\000s\000w\000f\000:\000:\000a\000v\000m\0002\000:\000:\000S\000c\000r\000i\000p\000t\000I\000n\000f\000o\000\040\000S\000t\000r\000u\000c\000t\000\040\000R\000e\000f\000e\000r\000e\000n\000c\000e}{chapter.8}% 219
\BOOKMARK [1][-]{section.8.96}{\376\377\0008\000.\0009\0006\000\040\000j\000s\000w\000f\000:\000:\000f\000l\000a\000s\000h\000:\000:\000S\000e\000g\000m\000e\000n\000t\000\040\000S\000t\000r\000u\000c\000t\000\040\000R\000e\000f\000e\000r\000e\000n\000c\000e}{chapter.8}% 220
\BOOKMARK [2][-]{subsection.8.96.1}{\376\377\0008\000.\0009\0006\000.\0001\000\040\000D\000e\000t\000a\000i\000l\000e\000d\000\040\000D\000e\000s\000c\000r\000i\000p\000t\000i\000o\000n}{section.8.96}% 221
\BOOKMARK [1][-]{section.8.97}{\376\377\0008\000.\0009\0007\000\040\000j\000s\000w\000f\000:\000:\000f\000l\000a\000s\000h\000:\000:\000t\000a\000g\000s\000:\000:\000S\000e\000t\000B\000a\000c\000k\000g\000r\000o\000u\000n\000d\000C\000o\000l\000o\000r\000T\000a\000g\000\040\000C\000l\000a\000s\000s\000\040\000R\000e\000f\000e\000r\000e\000n\000c\000e}{chapter.8}% 222
\BOOKMARK [2][-]{subsection.8.97.1}{\376\377\0008\000.\0009\0007\000.\0001\000\040\000D\000e\000t\000a\000i\000l\000e\000d\000\040\000D\000e\000s\000c\000r\000i\000p\000t\000i\000o\000n}{section.8.97}% 223
\BOOKMARK [1][-]{section.8.98}{\376\377\0008\000.\0009\0008\000\040\000j\000s\000w\000f\000:\000:\000f\000l\000a\000s\000h\000:\000:\000S\000h\000a\000p\000e\000\040\000C\000l\000a\000s\000s\000\040\000R\000e\000f\000e\000r\000e\000n\000c\000e}{chapter.8}% 224
\BOOKMARK [2][-]{subsection.8.98.1}{\376\377\0008\000.\0009\0008\000.\0001\000\040\000D\000e\000t\000a\000i\000l\000e\000d\000\040\000D\000e\000s\000c\000r\000i\000p\000t\000i\000o\000n}{section.8.98}% 225
\BOOKMARK [1][-]{section.8.99}{\376\377\0008\000.\0009\0009\000\040\000j\000s\000w\000f\000:\000:\000f\000l\000a\000s\000h\000:\000:\000t\000a\000g\000s\000:\000:\000S\000h\000o\000w\000F\000r\000a\000m\000e\000T\000a\000g\000\040\000C\000l\000a\000s\000s\000\040\000R\000e\000f\000e\000r\000e\000n\000c\000e}{chapter.8}% 226
\BOOKMARK [2][-]{subsection.8.99.1}{\376\377\0008\000.\0009\0009\000.\0001\000\040\000D\000e\000t\000a\000i\000l\000e\000d\000\040\000D\000e\000s\000c\000r\000i\000p\000t\000i\000o\000n}{section.8.99}% 227
\BOOKMARK [1][-]{section.8.100}{\376\377\0008\000.\0001\0000\0000\000\040\000j\000s\000w\000f\000:\000:\000a\000v\000m\0002\000:\000:\000S\000l\000o\000t\000T\000r\000a\000i\000t\000I\000n\000f\000o\000\040\000S\000t\000r\000u\000c\000t\000\040\000R\000e\000f\000e\000r\000e\000n\000c\000e}{chapter.8}% 228
\BOOKMARK [1][-]{section.8.101}{\376\377\0008\000.\0001\0000\0001\000\040\000j\000s\000w\000f\000:\000:\000f\000l\000a\000s\000h\000:\000:\000s\000t\000y\000l\000e\000s\000:\000:\000S\000o\000l\000i\000d\000F\000i\000l\000l\000S\000t\000y\000l\000e\000\040\000C\000l\000a\000s\000s\000\040\000R\000e\000f\000e\000r\000e\000n\000c\000e}{chapter.8}% 229
\BOOKMARK [1][-]{section.8.102}{\376\377\0008\000.\0001\0000\0002\000\040\000j\000s\000w\000f\000:\000:\000f\000l\000a\000s\000h\000:\000:\000S\000p\000r\000i\000t\000e\000\040\000C\000l\000a\000s\000s\000\040\000R\000e\000f\000e\000r\000e\000n\000c\000e}{chapter.8}% 230
\BOOKMARK [2][-]{subsection.8.102.1}{\376\377\0008\000.\0001\0000\0002\000.\0001\000\040\000D\000e\000t\000a\000i\000l\000e\000d\000\040\000D\000e\000s\000c\000r\000i\000p\000t\000i\000o\000n}{section.8.102}% 231
\BOOKMARK [1][-]{section.8.103}{\376\377\0008\000.\0001\0000\0003\000\040\000j\000s\000w\000f\000:\000:\000a\000v\000m\0002\000:\000:\000a\000s\000t\000:\000:\000S\000t\000r\000i\000n\000g\000N\000o\000d\000e\000\040\000C\000l\000a\000s\000s\000\040\000R\000e\000f\000e\000r\000e\000n\000c\000e}{chapter.8}% 232
\BOOKMARK [2][-]{subsection.8.103.1}{\376\377\0008\000.\0001\0000\0003\000.\0001\000\040\000D\000e\000t\000a\000i\000l\000e\000d\000\040\000D\000e\000s\000c\000r\000i\000p\000t\000i\000o\000n}{section.8.103}% 233
\BOOKMARK [1][-]{section.8.104}{\376\377\0008\000.\0001\0000\0004\000\040\000j\000s\000w\000f\000:\000:\000a\000v\000m\0002\000:\000:\000S\000t\000r\000i\000n\000g\000O\000b\000j\000e\000c\000t\000\040\000C\000l\000a\000s\000s\000\040\000R\000e\000f\000e\000r\000e\000n\000c\000e}{chapter.8}% 234
\BOOKMARK [1][-]{section.8.105}{\376\377\0008\000.\0001\0000\0005\000\040\000j\000s\000w\000f\000:\000:\000i\000o\000:\000:\000S\000t\000r\000i\000n\000g\000R\000e\000a\000d\000e\000r\000\040\000C\000l\000a\000s\000s\000\040\000R\000e\000f\000e\000r\000e\000n\000c\000e}{chapter.8}% 235
\BOOKMARK [2][-]{subsection.8.105.1}{\376\377\0008\000.\0001\0000\0005\000.\0001\000\040\000D\000e\000t\000a\000i\000l\000e\000d\000\040\000D\000e\000s\000c\000r\000i\000p\000t\000i\000o\000n}{section.8.105}% 236
\BOOKMARK [2][-]{subsection.8.105.2}{\376\377\0008\000.\0001\0000\0005\000.\0002\000\040\000C\000o\000n\000s\000t\000r\000u\000c\000t\000o\000r\000\040\000\046\000\040\000D\000e\000s\000t\000r\000u\000c\000t\000o\000r\000\040\000D\000o\000c\000u\000m\000e\000n\000t\000a\000t\000i\000o\000n}{section.8.105}% 237
\BOOKMARK [3][-]{subsubsection.8.105.2.1}{\376\377\0008\000.\0001\0000\0005\000.\0002\000.\0001\000\040\000S\000t\000r\000i\000n\000g\000R\000e\000a\000d\000e\000r}{subsection.8.105.2}% 238
\BOOKMARK [2][-]{subsection.8.105.3}{\376\377\0008\000.\0001\0000\0005\000.\0003\000\040\000M\000e\000m\000b\000e\000r\000\040\000F\000u\000n\000c\000t\000i\000o\000n\000\040\000D\000o\000c\000u\000m\000e\000n\000t\000a\000t\000i\000o\000n}{section.8.105}% 239
\BOOKMARK [3][-]{subsubsection.8.105.3.1}{\376\377\0008\000.\0001\0000\0005\000.\0003\000.\0001\000\040\000s\000e\000e\000k}{subsection.8.105.3}% 240
\BOOKMARK [1][-]{section.8.106}{\376\377\0008\000.\0001\0000\0006\000\040\000j\000s\000w\000f\000:\000:\000a\000v\000m\0002\000:\000:\000a\000s\000t\000:\000:\000S\000u\000p\000e\000r\000N\000o\000d\000e\000\040\000C\000l\000a\000s\000s\000\040\000R\000e\000f\000e\000r\000e\000n\000c\000e}{chapter.8}% 241
\BOOKMARK [1][-]{section.8.107}{\376\377\0008\000.\0001\0000\0007\000\040\000j\000s\000w\000f\000:\000:\000f\000l\000a\000s\000h\000:\000:\000S\000y\000m\000b\000o\000l\000C\000l\000a\000s\000s\000\040\000S\000t\000r\000u\000c\000t\000\040\000R\000e\000f\000e\000r\000e\000n\000c\000e}{chapter.8}% 242
\BOOKMARK [2][-]{subsection.8.107.1}{\376\377\0008\000.\0001\0000\0007\000.\0001\000\040\000D\000e\000t\000a\000i\000l\000e\000d\000\040\000D\000e\000s\000c\000r\000i\000p\000t\000i\000o\000n}{section.8.107}% 243
\BOOKMARK [1][-]{section.8.108}{\376\377\0008\000.\0001\0000\0008\000\040\000j\000s\000w\000f\000:\000:\000f\000l\000a\000s\000h\000:\000:\000t\000a\000g\000s\000:\000:\000S\000y\000m\000b\000o\000l\000C\000l\000a\000s\000s\000T\000a\000g\000\040\000C\000l\000a\000s\000s\000\040\000R\000e\000f\000e\000r\000e\000n\000c\000e}{chapter.8}% 244
\BOOKMARK [2][-]{subsection.8.108.1}{\376\377\0008\000.\0001\0000\0008\000.\0001\000\040\000D\000e\000t\000a\000i\000l\000e\000d\000\040\000D\000e\000s\000c\000r\000i\000p\000t\000i\000o\000n}{section.8.108}% 245
\BOOKMARK [1][-]{section.8.109}{\376\377\0008\000.\0001\0000\0009\000\040\000j\000s\000w\000f\000:\000:\000f\000l\000a\000s\000h\000:\000:\000t\000a\000g\000s\000:\000:\000T\000a\000g\000\040\000C\000l\000a\000s\000s\000\040\000R\000e\000f\000e\000r\000e\000n\000c\000e}{chapter.8}% 246
\BOOKMARK [2][-]{subsection.8.109.1}{\376\377\0008\000.\0001\0000\0009\000.\0001\000\040\000D\000e\000t\000a\000i\000l\000e\000d\000\040\000D\000e\000s\000c\000r\000i\000p\000t\000i\000o\000n}{section.8.109}% 247
\BOOKMARK [2][-]{subsection.8.109.2}{\376\377\0008\000.\0001\0000\0009\000.\0002\000\040\000M\000e\000m\000b\000e\000r\000\040\000D\000a\000t\000a\000\040\000D\000o\000c\000u\000m\000e\000n\000t\000a\000t\000i\000o\000n}{section.8.109}% 248
\BOOKMARK [3][-]{subsubsection.8.109.2.1}{\376\377\0008\000.\0001\0000\0009\000.\0002\000.\0001\000\040\000t\000y\000p\000e}{subsection.8.109.2}% 249
\BOOKMARK [1][-]{section.8.110}{\376\377\0008\000.\0001\0001\0000\000\040\000j\000s\000w\000f\000:\000:\000f\000l\000a\000s\000h\000:\000:\000T\000a\000g\000F\000a\000c\000t\000o\000r\000y\000\040\000C\000l\000a\000s\000s\000\040\000R\000e\000f\000e\000r\000e\000n\000c\000e}{chapter.8}% 250
\BOOKMARK [2][-]{subsection.8.110.1}{\376\377\0008\000.\0001\0001\0000\000.\0001\000\040\000D\000e\000t\000a\000i\000l\000e\000d\000\040\000D\000e\000s\000c\000r\000i\000p\000t\000i\000o\000n}{section.8.110}% 251
\BOOKMARK [2][-]{subsection.8.110.2}{\376\377\0008\000.\0001\0001\0000\000.\0002\000\040\000M\000e\000m\000b\000e\000r\000\040\000F\000u\000n\000c\000t\000i\000o\000n\000\040\000D\000o\000c\000u\000m\000e\000n\000t\000a\000t\000i\000o\000n}{section.8.110}% 252
\BOOKMARK [3][-]{subsubsection.8.110.2.1}{\376\377\0008\000.\0001\0001\0000\000.\0002\000.\0001\000\040\000c\000r\000e\000a\000t\000e}{subsection.8.110.2}% 253
\BOOKMARK [1][-]{section.8.111}{\376\377\0008\000.\0001\0001\0001\000\040\000j\000s\000w\000f\000:\000:\000f\000l\000a\000s\000h\000:\000:\000t\000a\000g\000s\000:\000:\000T\000a\000g\000W\000i\000t\000h\000C\000h\000a\000r\000a\000c\000t\000e\000r\000\040\000C\000l\000a\000s\000s\000\040\000R\000e\000f\000e\000r\000e\000n\000c\000e}{chapter.8}% 254
\BOOKMARK [2][-]{subsection.8.111.1}{\376\377\0008\000.\0001\0001\0001\000.\0001\000\040\000D\000e\000t\000a\000i\000l\000e\000d\000\040\000D\000e\000s\000c\000r\000i\000p\000t\000i\000o\000n}{section.8.111}% 255
\BOOKMARK [1][-]{section.8.112}{\376\377\0008\000.\0001\0001\0002\000\040\000j\000s\000w\000f\000:\000:\000f\000l\000a\000s\000h\000:\000:\000t\000a\000g\000s\000:\000:\000T\000a\000g\000W\000i\000t\000h\000R\000e\000a\000d\000e\000r\000\040\000C\000l\000a\000s\000s\000\040\000R\000e\000f\000e\000r\000e\000n\000c\000e}{chapter.8}% 256
\BOOKMARK [2][-]{subsection.8.112.1}{\376\377\0008\000.\0001\0001\0002\000.\0001\000\040\000D\000e\000t\000a\000i\000l\000e\000d\000\040\000D\000e\000s\000c\000r\000i\000p\000t\000i\000o\000n}{section.8.112}% 257
\BOOKMARK [1][-]{section.8.113}{\376\377\0008\000.\0001\0001\0003\000\040\000j\000s\000w\000f\000:\000:\000a\000v\000m\0002\000:\000:\000T\000r\000a\000i\000t\000I\000n\000f\000o\000\040\000S\000t\000r\000u\000c\000t\000\040\000R\000e\000f\000e\000r\000e\000n\000c\000e}{chapter.8}% 258
\BOOKMARK [2][-]{subsection.8.113.1}{\376\377\0008\000.\0001\0001\0003\000.\0001\000\040\000M\000e\000m\000b\000e\000r\000\040\000E\000n\000u\000m\000e\000r\000a\000t\000i\000o\000n\000\040\000D\000o\000c\000u\000m\000e\000n\000t\000a\000t\000i\000o\000n}{section.8.113}% 259
\BOOKMARK [3][-]{subsubsection.8.113.1.1}{\376\377\0008\000.\0001\0001\0003\000.\0001\000.\0001\000\040\000K\000i\000n\000d}{subsection.8.113.1}% 260
\BOOKMARK [1][-]{section.8.114}{\376\377\0008\000.\0001\0001\0004\000\040\000j\000s\000w\000f\000:\000:\000a\000v\000m\0002\000:\000:\000T\000r\000a\000i\000t\000M\000a\000t\000c\000h\000\040\000S\000t\000r\000u\000c\000t\000\040\000R\000e\000f\000e\000r\000e\000n\000c\000e}{chapter.8}% 261
\BOOKMARK [1][-]{section.8.115}{\376\377\0008\000.\0001\0001\0005\000\040\000j\000s\000w\000f\000:\000:\000a\000v\000m\0002\000:\000:\000V\000M\000\040\000C\000l\000a\000s\000s\000\040\000R\000e\000f\000e\000r\000e\000n\000c\000e}{chapter.8}% 262
\BOOKMARK [1][-]{section.8.116}{\376\377\0008\000.\0001\0001\0006\000\040\000j\000s\000w\000f\000:\000:\000a\000v\000m\0002\000:\000:\000a\000s\000t\000:\000:\000V\000o\000i\000d\000N\000o\000d\000e\000\040\000C\000l\000a\000s\000s\000\040\000R\000e\000f\000e\000r\000e\000n\000c\000e}{chapter.8}% 263
\BOOKMARK [2][-]{subsection.8.116.1}{\376\377\0008\000.\0001\0001\0006\000.\0001\000\040\000D\000e\000t\000a\000i\000l\000e\000d\000\040\000D\000e\000s\000c\000r\000i\000p\000t\000i\000o\000n}{section.8.116}% 264
\BOOKMARK [1][-]{section.8.117}{\376\377\0008\000.\0001\0001\0007\000\040\000j\000s\000w\000f\000:\000:\000a\000v\000m\0002\000:\000:\000V\000o\000i\000d\000O\000b\000j\000e\000c\000t\000\040\000C\000l\000a\000s\000s\000\040\000R\000e\000f\000e\000r\000e\000n\000c\000e}{chapter.8}% 265
\BOOKMARK [1][-]{section.8.118}{\376\377\0008\000.\0001\0001\0008\000\040\000j\000s\000w\000f\000:\000:\000a\000v\000m\0002\000:\000:\000a\000s\000t\000:\000:\000W\000i\000t\000h\000N\000o\000d\000e\000\040\000C\000l\000a\000s\000s\000\040\000R\000e\000f\000e\000r\000e\000n\000c\000e}{chapter.8}% 266
\BOOKMARK [2][-]{subsection.8.118.1}{\376\377\0008\000.\0001\0001\0008\000.\0001\000\040\000D\000e\000t\000a\000i\000l\000e\000d\000\040\000D\000e\000s\000c\000r\000i\000p\000t\000i\000o\000n}{section.8.118}% 267
\BOOKMARK [0][-]{chapter.9}{\376\377\0009\000\040\000F\000i\000l\000e\000\040\000D\000o\000c\000u\000m\000e\000n\000t\000a\000t\000i\000o\000n}{}% 268
\BOOKMARK [1][-]{section.9.1}{\376\377\0009\000.\0001\000\040\000j\000s\000w\000f\000/\000f\000l\000a\000s\000h\000/\000t\000a\000g\000s\000/\000T\000a\000g\000s\000.\000h\000\040\000F\000i\000l\000e\000\040\000R\000e\000f\000e\000r\000e\000n\000c\000e}{chapter.9}% 269
\BOOKMARK [2][-]{subsection.9.1.1}{\376\377\0009\000.\0001\000.\0001\000\040\000D\000e\000t\000a\000i\000l\000e\000d\000\040\000D\000e\000s\000c\000r\000i\000p\000t\000i\000o\000n}{section.9.1}% 270
\BOOKMARK [0][-]{section*.243}{\376\377\000I\000n\000d\000e\000x}{}% 271
